200512 215805.152|CONFIG|main|setFileHandlers|Now logging to C:\Users\msn71\OneDrive\орн▒\pc2-9.4.1\bin\logs directory.
200512 215805.152|INFO|main|info|
200512 215805.168|INFO|main|info|Version 9.4.1 20170125 (Wednesday, January 25th 2017 02:54 UTC) Java ver 11.0.2 build 3850 Windows 10 10.0 (amd64) 
200512 215805.168|INFO|main|startLog|Working directory is C:\Users\msn71\OneDrive\орн▒\pc2-9.4.1\bin
200512 215805.215|INFO|main|startLog|Process id is 10860@LAPTOP-IIRT6P51
200512 215805.215|INFO|main|start|Starting ConnectionManager...
200512 215805.480|INFO|main|start|Started ConnectionManager
200512 215805.496|INFO|main|setClientServerAndPort|INIFile File location: file:/C:/Users/msn71/OneDrive/орн▒/pc2-9.4.1/bin/pc2v9.ini
200512 215805.496|INFO|main|setClientServerAndPort|setClientServerAndPort 140.115.54.193 parsed as 140.115.54.193 port 50002
200512 215805.496|INFO|main|info|Contacting server at 140.115.54.193:50002
200512 215805.496|INFO|main|connectToMyServer|Connecting to 140.115.54.193:50002
200512 215805.605|INFO|Thread-0|receiveUnencrypted|receiveUnencrypted(TransportWrapper, ConnectionHandlerID=Socket[addr=/140.115.54.193,port=50002,localport=12111]--3185713216192777643)
200512 215805.621|INFO|Thread-0|receiveUnencrypted|receiveUnencrypted Made a secret key for Socket[addr=/140.115.54.193,port=50002,localport=12111]--3185713216192777643 key is com.sun.crypto.provider.DESKey@fffe7b21
200512 215805.621|INFO|Thread-0|getPublicKeyPacket|Generating Unencrypted Public Key Packet
200512 215805.621|INFO|Thread-0|getPublicKeyPacket|checking key:= SunJCE Diffie-Hellman Public Key:
y:
    27c82b85 6c398d1c a169919e 699a5d18 fd653914 a710b0f7 5763e07f e2f099af
    fc93ef96 1c10e42f fed791bc f2277b76 78d3f4c7 f7caf949 3274d1e6 60ac77fb
    248e08c3 f96a81ce 5024c7f0 e27b153e e54afe8e 05c3db16 41452070 7354fb61
    db846f69 35204e18 65b0956d 59abccb5 17ecf153 7a8ff79b b83e4d9e fdfbfbea
p:
    f488fd58 4e49dbcd 20b49de4 9107366b 336c380d 451d0f7c 88b31c7c 5b2d8ef6
    f3c923c0 43f0a55b 188d8ebb 558cb85d 38d334fd 7c175743 a31d186c de33212c
    b52aff3c e1b12940 18118d7c 84a70a72 d686c403 19c80729 7aca950c d9969fab
    d00a509b 0246d308 3d66a45d 419f9c7c bd894b22 1926baab a25ec355 e92f78c7
g:
    02
l:
    512
200512 215805.621|INFO|Thread-0|getPublicKeyPacket|packet:= edu.csus.ecs.pc2.core.transport.TransportWrapper@797c48ce
200514 225743.201|INFO|Thread-0|receive|Exception in receive for Socket[addr=/140.115.54.193,port=50002,localport=12111]--3185713216192777643
|java.net.SocketTimeoutException: Read timed out
|    at java.net.SocketInputStream.socketRead0 (SocketInputStream.java:-2)
|    at java.net.SocketInputStream.socketRead (SocketInputStream.java:115)
|    at java.net.SocketInputStream.read (SocketInputStream.java:168)
|    at java.net.SocketInputStream.read (SocketInputStream.java:140)
|    at java.net.SocketInputStream.read (SocketInputStream.java:200)
|    at java.io.ObjectInputStream$PeekInputStream.peek (ObjectInputStream.java:2723)
|    at java.io.ObjectInputStream$BlockDataInputStream.peek (ObjectInputStream.java:3050)
|    at java.io.ObjectInputStream$BlockDataInputStream.peekByte (ObjectInputStream.java:3060)
|    at java.io.ObjectInputStream.readObject0 (ObjectInputStream.java:1561)
|    at java.io.ObjectInputStream.readObject (ObjectInputStream.java:430)
|    at edu.csus.ecs.pc2.core.transport.ConnectionHandlerThread.receive (ConnectionHandlerThread.java:151)
|    at edu.csus.ecs.pc2.core.transport.ConnectionHandlerClientThread.run (ConnectionHandlerClientThread.java:65)
200514 225743.209|FINER|Thread-0|run|THROW
|edu.csus.ecs.pc2.core.transport.TransportException: Read timed out
|    at edu.csus.ecs.pc2.core.transport.ConnectionHandlerThread.receive (ConnectionHandlerThread.java:161)
|    at edu.csus.ecs.pc2.core.transport.ConnectionHandlerClientThread.run (ConnectionHandlerClientThread.java:65)
200514 225743.209|INFO|Thread-0|receive|SocketException in receive for Socket[addr=/140.115.54.193,port=50002,localport=12111]--3185713216192777643
|java.net.SocketException: Connection reset
|    at java.net.SocketInputStream.read (SocketInputStream.java:186)
|    at java.net.SocketInputStream.read (SocketInputStream.java:140)
|    at java.net.SocketInputStream.read (SocketInputStream.java:200)
|    at java.io.ObjectInputStream$PeekInputStream.peek (ObjectInputStream.java:2723)
|    at java.io.ObjectInputStream$BlockDataInputStream.peek (ObjectInputStream.java:3050)
|    at java.io.ObjectInputStream$BlockDataInputStream.peekByte (ObjectInputStream.java:3060)
|    at java.io.ObjectInputStream.readObject0 (ObjectInputStream.java:1561)
|    at java.io.ObjectInputStream.readObject (ObjectInputStream.java:430)
|    at edu.csus.ecs.pc2.core.transport.ConnectionHandlerThread.receive (ConnectionHandlerThread.java:151)
|    at edu.csus.ecs.pc2.core.transport.ConnectionHandlerClientThread.run (ConnectionHandlerClientThread.java:65)
200514 225743.210|FINER|Thread-0|run|THROW
|edu.csus.ecs.pc2.core.transport.TransportException: Connection reset
|    at edu.csus.ecs.pc2.core.transport.ConnectionHandlerThread.receive (ConnectionHandlerThread.java:155)
|    at edu.csus.ecs.pc2.core.transport.ConnectionHandlerClientThread.run (ConnectionHandlerClientThread.java:65)
