190211 160658.158|CONFIG|AWT-EventQueue-0|setFileHandlers|Now logging to C:\Users\user\Desktop\pc2-9.4.1\bin\logs directory.
190211 160658.158|INFO|AWT-EventQueue-0|info|
190211 160658.159|INFO|AWT-EventQueue-0|info|Version 9.4.1 20170125 (Wednesday, January 25th 2017 02:54 UTC) Java ver 1.8.0_181 build 3850 Windows 10 10.0 (amd64) 
190211 160658.159|INFO|AWT-EventQueue-0|info|Login: team1 (aka team1)
190211 160658.159|INFO|AWT-EventQueue-0|startLog|Working directory is C:\Users\user\Desktop\pc2-9.4.1\bin
190211 160658.159|INFO|AWT-EventQueue-0|startLog|Process id is 20100@DESKTOP-0005
190211 160658.160|INFO|AWT-EventQueue-0|info|Contacting server at 140.115.54.193:50002 as TEAM1 @ site 0
190211 160658.160|INFO|AWT-EventQueue-0|info|sendLoginRequest start - sending from TEAM1 @ site 0
190211 160658.163|INFO|AWT-EventQueue-0|sendToLocalServer|Sending packet to server Packet[LOGIN_REQUEST] #1 TEAM1 @ site 0 -> SERVER0 @ site 0
190211 160658.164|INFO|Thread-4|run|send(Serializable)
190211 160658.165|INFO|AWT-EventQueue-0|sendToLocalServer|Sent    packet to server Packet[LOGIN_REQUEST] #1 TEAM1 @ site 0 -> SERVER0 @ site 0
190211 160658.166|INFO|AWT-EventQueue-0|info|sendLoginRequest end - packet sent.
190211 161540.497|CONFIG|AWT-EventQueue-0|setFileHandlers|Now logging to C:\Users\user\Desktop\pc2-9.4.1\bin\logs directory.
190211 161540.497|INFO|AWT-EventQueue-0|info|
190211 161540.498|INFO|AWT-EventQueue-0|info|Version 9.4.1 20170125 (Wednesday, January 25th 2017 02:54 UTC) Java ver 1.8.0_181 build 3850 Windows 10 10.0 (amd64) 
190211 161540.498|INFO|AWT-EventQueue-0|info|Login: team1 (aka team1)
190211 161540.498|INFO|AWT-EventQueue-0|startLog|Working directory is C:\Users\user\Desktop\pc2-9.4.1\bin
190211 161540.498|INFO|AWT-EventQueue-0|startLog|Process id is 19852@DESKTOP-0005
190211 161540.498|INFO|AWT-EventQueue-0|info|Contacting server at 140.115.54.193:50002 as TEAM1 @ site 0
190211 161540.498|INFO|AWT-EventQueue-0|info|sendLoginRequest start - sending from TEAM1 @ site 0
190211 161540.502|INFO|AWT-EventQueue-0|sendToLocalServer|Sending packet to server Packet[LOGIN_REQUEST] #1 TEAM1 @ site 0 -> SERVER0 @ site 0
190211 161540.503|INFO|Thread-4|run|send(Serializable)
190211 161540.504|INFO|AWT-EventQueue-0|sendToLocalServer|Sent    packet to server Packet[LOGIN_REQUEST] #1 TEAM1 @ site 0 -> SERVER0 @ site 0
190211 161540.505|INFO|AWT-EventQueue-0|info|sendLoginRequest end - packet sent.
190211 161540.838|INFO|Thread-1|receive|public void receive(SealedObject TransportPacket, ConnectionHandlerID connectionHandlerID)
190211 161540.869|INFO|Thread-5|info| receiveObject(S) start got Packet[LOGIN_SUCCESS] #13 SERVER0 @ site 1 -> TEAM1 @ site 1
190211 161540.870|INFO|Thread-5|dumpPacket|Packet LOGIN_SUCCESS (Seq #13 ) recieveObject
190211 161540.870|INFO|Thread-5|dumpPacket|  From: SERVER0 @ site 1 (acanlab-PC @ 140.115.54.193) (Contest Id: Default-7413828081738421047)
190211 161540.870|INFO|Thread-5|dumpPacket|    To: TEAM1 @ site 1
190211 161540.870|INFO|Thread-5|dumpPacket|   key: JUDGEMENT_LIST is: [Ledu.csus.ecs.pc2.core.model.Judgement; [Ledu.csus.ecs.pc2.core.model.Judgement;@5879c5c0
190211 161540.870|INFO|Thread-5|dumpPacket|   key: CLARIFICATION_LIST is: [Ledu.csus.ecs.pc2.core.model.Clarification; [Ledu.csus.ecs.pc2.core.model.Clarification;@56be20bf
190211 161540.870|INFO|Thread-5|dumpPacket|   key: GENERAL_PROBLEM is: edu.csus.ecs.pc2.core.model.Problem General
190211 161540.870|INFO|Thread-5|dumpPacket|   key: LANGUAGE_LIST is: [Ledu.csus.ecs.pc2.core.model.Language; [Ledu.csus.ecs.pc2.core.model.Language;@5281aeb0
190211 161540.870|INFO|Thread-5|dumpPacket|   key: SITE_LIST is: [Ledu.csus.ecs.pc2.core.model.Site; [Ledu.csus.ecs.pc2.core.model.Site;@17832a84
190211 161540.870|INFO|Thread-5|dumpPacket|   key: GROUP_LIST is: [Ledu.csus.ecs.pc2.core.model.Group; [Ledu.csus.ecs.pc2.core.model.Group;@1c2ba71
190211 161540.870|INFO|Thread-5|dumpPacket|   key: CONTEST_TIME_LIST is: [Ledu.csus.ecs.pc2.core.model.ContestTime; [Ledu.csus.ecs.pc2.core.model.ContestTime;@26ded92e
190211 161540.871|INFO|Thread-5|dumpPacket|   key: CONTEST_INFORMATION is: edu.csus.ecs.pc2.core.model.ContestInformation edu.csus.ecs.pc2.core.model.ContestInformation@7975176b
190211 161540.871|INFO|Thread-5|dumpPacket|   key: CONTEST_TIME is: edu.csus.ecs.pc2.core.model.ContestTime edu.csus.ecs.pc2.core.model.ContestTime@77acd5cb
190211 161540.871|INFO|Thread-5|dumpPacket|   key: CONNECTION_HANDLE_ID_LIST is: [Ledu.csus.ecs.pc2.core.transport.ConnectionHandlerID; [Ledu.csus.ecs.pc2.core.transport.ConnectionHandlerID;@63a9e87d
190211 161540.871|INFO|Thread-5|dumpPacket|   key: REMOTE_LOGGED_IN_USERS is: [Ledu.csus.ecs.pc2.core.model.ClientId; [Ledu.csus.ecs.pc2.core.model.ClientId;@33ee4a8f
190211 161540.871|INFO|Thread-5|dumpPacket|   key: BALLOON_SETTINGS_LIST is: [Ledu.csus.ecs.pc2.core.model.BalloonSettings; [Ledu.csus.ecs.pc2.core.model.BalloonSettings;@6271ddd6
190211 161540.871|INFO|Thread-5|dumpPacket|   key: PROFILE is: edu.csus.ecs.pc2.core.model.Profile Default--8095873025471524646
190211 161540.871|INFO|Thread-5|dumpPacket|   key: RUN_LIST is: [Ledu.csus.ecs.pc2.core.model.Run; [Ledu.csus.ecs.pc2.core.model.Run;@73e24ede
190211 161540.871|INFO|Thread-5|dumpPacket|   key: PROFILE_LIST is: [Ledu.csus.ecs.pc2.core.model.Profile; [Ledu.csus.ecs.pc2.core.model.Profile;@5fa4aadf
190211 161540.871|INFO|Thread-5|dumpPacket|   key: LOCAL_LOGGED_IN_USERS is: [Ledu.csus.ecs.pc2.core.model.ClientId; [Ledu.csus.ecs.pc2.core.model.ClientId;@1edf3996
190211 161540.871|INFO|Thread-5|dumpPacket|   key: ACCOUNT_ARRAY is: [Ledu.csus.ecs.pc2.core.model.Account; [Ledu.csus.ecs.pc2.core.model.Account;@722cc8f6
190211 161540.871|INFO|Thread-5|dumpPacket|   key: CLIENT_SETTINGS_LIST is: [Ledu.csus.ecs.pc2.core.model.ClientSettings; [Ledu.csus.ecs.pc2.core.model.ClientSettings;@13d9ecd3
190211 161540.872|INFO|Thread-5|dumpPacket|   key: SITE_NUMBER is: java.lang.Integer 1
190211 161540.872|INFO|Thread-5|dumpPacket|   key: SERVER_CLOCK_OFFSET is: java.util.GregorianCalendar java.util.GregorianCalendar[time=1549872743600,areFieldsSet=true,areAllFieldsSet=false,lenient=true,zone=sun.util.calendar.ZoneInfo[id="GMT",offset=0,dstSavings=0,useDaylight=false,transitions=0,lastRule=null],firstDayOfWeek=1,minimalDaysInFirstWeek=1,ERA=1,YEAR=2019,MONTH=1,WEEK_OF_YEAR=7,WEEK_OF_MONTH=3,DAY_OF_MONTH=11,DAY_OF_YEAR=42,DAY_OF_WEEK=2,DAY_OF_WEEK_IN_MONTH=2,AM_PM=0,HOUR=8,HOUR_OF_DAY=8,MINUTE=12,SECOND=23,MILLISECOND=600,ZONE_OFFSET=0,DST_OFFSET=0]
190211 161540.872|INFO|Thread-5|dumpPacket|   key: CONTEST_IDENTIFIER is: java.lang.String Default-7413828081738421047
190211 161540.872|INFO|Thread-5|dumpPacket|   key: CATEGORY_LIST is: [Ledu.csus.ecs.pc2.core.model.Category; [Ledu.csus.ecs.pc2.core.model.Category;@69d14e25
190211 161540.872|INFO|Thread-5|dumpPacket|   key: PROBLEM_DATA_FILES is: [Ledu.csus.ecs.pc2.core.model.ProblemDataFiles; [Ledu.csus.ecs.pc2.core.model.ProblemDataFiles;@e25c900
190211 161540.872|INFO|Thread-5|dumpPacket|   key: PROBLEM_LIST is: [Ledu.csus.ecs.pc2.core.model.Problem; [Ledu.csus.ecs.pc2.core.model.Problem;@1a5adb4a
190211 161540.872|INFO|Thread-5|dumpPacket|   key: CLIENT_ID is: edu.csus.ecs.pc2.core.model.ClientId TEAM1 @ site 1
190211 161540.872|INFO|Thread-5|info|handlePacket start Packet[LOGIN_SUCCESS] #13 SERVER0 @ site 1 -> TEAM1 @ site 1
190211 161540.872|INFO|Thread-5|dumpPacket|Packet LOGIN_SUCCESS (Seq #13 ) handlePacket
190211 161540.872|INFO|Thread-5|dumpPacket|  From: SERVER0 @ site 1 (acanlab-PC @ 140.115.54.193) (Contest Id: Default-7413828081738421047)
190211 161540.872|INFO|Thread-5|dumpPacket|    To: TEAM1 @ site 1
190211 161540.872|INFO|Thread-5|dumpPacket|   key: JUDGEMENT_LIST is: [Ledu.csus.ecs.pc2.core.model.Judgement; [Ledu.csus.ecs.pc2.core.model.Judgement;@5879c5c0
190211 161540.873|INFO|Thread-5|dumpPacket|   key: CLARIFICATION_LIST is: [Ledu.csus.ecs.pc2.core.model.Clarification; [Ledu.csus.ecs.pc2.core.model.Clarification;@56be20bf
190211 161540.873|INFO|Thread-5|dumpPacket|   key: GENERAL_PROBLEM is: edu.csus.ecs.pc2.core.model.Problem General
190211 161540.873|INFO|Thread-5|dumpPacket|   key: LANGUAGE_LIST is: [Ledu.csus.ecs.pc2.core.model.Language; [Ledu.csus.ecs.pc2.core.model.Language;@5281aeb0
190211 161540.873|INFO|Thread-5|dumpPacket|   key: SITE_LIST is: [Ledu.csus.ecs.pc2.core.model.Site; [Ledu.csus.ecs.pc2.core.model.Site;@17832a84
190211 161540.873|INFO|Thread-5|dumpPacket|   key: GROUP_LIST is: [Ledu.csus.ecs.pc2.core.model.Group; [Ledu.csus.ecs.pc2.core.model.Group;@1c2ba71
190211 161540.873|INFO|Thread-5|dumpPacket|   key: CONTEST_TIME_LIST is: [Ledu.csus.ecs.pc2.core.model.ContestTime; [Ledu.csus.ecs.pc2.core.model.ContestTime;@26ded92e
190211 161540.873|INFO|Thread-5|dumpPacket|   key: CONTEST_INFORMATION is: edu.csus.ecs.pc2.core.model.ContestInformation edu.csus.ecs.pc2.core.model.ContestInformation@7975176b
190211 161540.873|INFO|Thread-5|dumpPacket|   key: CONTEST_TIME is: edu.csus.ecs.pc2.core.model.ContestTime edu.csus.ecs.pc2.core.model.ContestTime@77acd5cb
190211 161540.873|INFO|Thread-5|dumpPacket|   key: CONNECTION_HANDLE_ID_LIST is: [Ledu.csus.ecs.pc2.core.transport.ConnectionHandlerID; [Ledu.csus.ecs.pc2.core.transport.ConnectionHandlerID;@63a9e87d
190211 161540.874|INFO|Thread-5|dumpPacket|   key: REMOTE_LOGGED_IN_USERS is: [Ledu.csus.ecs.pc2.core.model.ClientId; [Ledu.csus.ecs.pc2.core.model.ClientId;@33ee4a8f
190211 161540.874|INFO|Thread-5|dumpPacket|   key: BALLOON_SETTINGS_LIST is: [Ledu.csus.ecs.pc2.core.model.BalloonSettings; [Ledu.csus.ecs.pc2.core.model.BalloonSettings;@6271ddd6
190211 161540.874|INFO|Thread-5|dumpPacket|   key: PROFILE is: edu.csus.ecs.pc2.core.model.Profile Default--8095873025471524646
190211 161540.874|INFO|Thread-5|dumpPacket|   key: RUN_LIST is: [Ledu.csus.ecs.pc2.core.model.Run; [Ledu.csus.ecs.pc2.core.model.Run;@73e24ede
190211 161540.874|INFO|Thread-5|dumpPacket|   key: PROFILE_LIST is: [Ledu.csus.ecs.pc2.core.model.Profile; [Ledu.csus.ecs.pc2.core.model.Profile;@5fa4aadf
190211 161540.874|INFO|Thread-5|dumpPacket|   key: LOCAL_LOGGED_IN_USERS is: [Ledu.csus.ecs.pc2.core.model.ClientId; [Ledu.csus.ecs.pc2.core.model.ClientId;@1edf3996
190211 161540.874|INFO|Thread-5|dumpPacket|   key: ACCOUNT_ARRAY is: [Ledu.csus.ecs.pc2.core.model.Account; [Ledu.csus.ecs.pc2.core.model.Account;@722cc8f6
190211 161540.874|INFO|Thread-5|dumpPacket|   key: CLIENT_SETTINGS_LIST is: [Ledu.csus.ecs.pc2.core.model.ClientSettings; [Ledu.csus.ecs.pc2.core.model.ClientSettings;@13d9ecd3
190211 161540.874|INFO|Thread-5|dumpPacket|   key: SITE_NUMBER is: java.lang.Integer 1
190211 161540.874|INFO|Thread-5|dumpPacket|   key: SERVER_CLOCK_OFFSET is: java.util.GregorianCalendar java.util.GregorianCalendar[time=1549872743600,areFieldsSet=true,areAllFieldsSet=false,lenient=true,zone=sun.util.calendar.ZoneInfo[id="GMT",offset=0,dstSavings=0,useDaylight=false,transitions=0,lastRule=null],firstDayOfWeek=1,minimalDaysInFirstWeek=1,ERA=1,YEAR=2019,MONTH=1,WEEK_OF_YEAR=7,WEEK_OF_MONTH=3,DAY_OF_MONTH=11,DAY_OF_YEAR=42,DAY_OF_WEEK=2,DAY_OF_WEEK_IN_MONTH=2,AM_PM=0,HOUR=8,HOUR_OF_DAY=8,MINUTE=12,SECOND=23,MILLISECOND=600,ZONE_OFFSET=0,DST_OFFSET=0]
190211 161540.874|INFO|Thread-5|dumpPacket|   key: CONTEST_IDENTIFIER is: java.lang.String Default-7413828081738421047
190211 161540.874|INFO|Thread-5|dumpPacket|   key: CATEGORY_LIST is: [Ledu.csus.ecs.pc2.core.model.Category; [Ledu.csus.ecs.pc2.core.model.Category;@69d14e25
190211 161540.874|INFO|Thread-5|dumpPacket|   key: PROBLEM_DATA_FILES is: [Ledu.csus.ecs.pc2.core.model.ProblemDataFiles; [Ledu.csus.ecs.pc2.core.model.ProblemDataFiles;@e25c900
190211 161540.875|INFO|Thread-5|dumpPacket|   key: PROBLEM_LIST is: [Ledu.csus.ecs.pc2.core.model.Problem; [Ledu.csus.ecs.pc2.core.model.Problem;@1a5adb4a
190211 161540.875|INFO|Thread-5|dumpPacket|   key: CLIENT_ID is: edu.csus.ecs.pc2.core.model.ClientId TEAM1 @ site 1
